<?xml version="1.0" encoding="UTF-8"?>
<testng-results skipped="0" failed="0" total="1" passed="1">
  <reporter-output>
    <line>
      <![CDATA[About to begin executing test Random Test]]>
    </line>
    <line>
      <![CDATA[About to begin executing Framework_001.beforeMethod]]>
    </line>
    <line>
      <![CDATA[Completed executing Framework_001.beforeMethod]]>
    </line>
    <line>
      <![CDATA[About to begin executing Framework_001.main]]>
    </line>
    <line>
      <![CDATA[SignIn Action is successfully perfomred]]>
    </line>
    <line>
      <![CDATA[Completed executing Framework_001.main]]>
    </line>
    <line>
      <![CDATA[TestName = null]]>
    </line>
    <line>
      <![CDATA[Test Method resides in testCases.Framework_001]]>
    </line>
    <line>
      <![CDATA[Test Status: Pass]]>
    </line>
    <line>
      <![CDATA[About to begin executing Framework_001.afterMethod]]>
    </line>
    <line>
      <![CDATA[Completed executing Framework_001.afterMethod]]>
    </line>
  </reporter-output>
  <suite name="Suite" duration-ms="101908" started-at="2017-05-21T14:13:54Z" finished-at="2017-05-21T14:15:36Z">
    <groups>
    </groups>
    <test name="Random Test" duration-ms="101908" started-at="2017-05-21T14:13:54Z" finished-at="2017-05-21T14:15:36Z">
      <class name="testCases.Framework_001">
        <test-method status="PASS" signature="beforeMethod()[pri:0, instance:testCases.Framework_001@4cc0edeb]" name="beforeMethod" is-config="true" duration-ms="15666" started-at="2017-05-21T19:43:54Z" finished-at="2017-05-21T19:44:10Z">
          <reporter-output>
            <line>
              <![CDATA[Completed executing Framework_001.beforeMethod]]>
            </line>
          </reporter-output>
        </test-method> <!-- beforeMethod -->
        <test-method status="PASS" signature="main()[pri:0, instance:testCases.Framework_001@4cc0edeb]" name="main" duration-ms="86174" started-at="2017-05-21T19:44:10Z" finished-at="2017-05-21T19:45:36Z">
          <reporter-output>
            <line>
              <![CDATA[SignIn Action is successfully perfomred]]>
            </line>
            <line>
              <![CDATA[Completed executing Framework_001.main]]>
            </line>
            <line>
              <![CDATA[TestName = null]]>
            </line>
            <line>
              <![CDATA[Test Method resides in testCases.Framework_001]]>
            </line>
            <line>
              <![CDATA[Test Status: Pass]]>
            </line>
            <line>
              <![CDATA[About to begin executing Framework_001.afterMethod]]>
            </line>
          </reporter-output>
        </test-method> <!-- main -->
        <test-method status="PASS" signature="afterMethod()[pri:0, instance:testCases.Framework_001@4cc0edeb]" name="afterMethod" is-config="true" duration-ms="16" started-at="2017-05-21T19:45:36Z" finished-at="2017-05-21T19:45:36Z">
          <reporter-output>
            <line>
              <![CDATA[Completed executing Framework_001.afterMethod]]>
            </line>
          </reporter-output>
        </test-method> <!-- afterMethod -->
      </class> <!-- testCases.Framework_001 -->
    </test> <!-- Random Test -->
  </suite> <!-- Suite -->
</testng-results>
